[     182ms] [INFO] %cDownload the React DevTools for a better development experience: https://react.dev/link/react-devtools font-weight:bold @ http://localhost:5174/node_modules/.vite/deps/react-dom_client.js?v=4a85a283:14336
[     247ms] [LOG] [API] Fetching: http://localhost:5001/api/auth/me @ http://localhost:5174/src/api.ts:6
[     248ms] [LOG] [API] Fetching: http://localhost:5001/api/auth/me @ http://localhost:5174/src/api.ts:6
[   35718ms] [LOG] [API] Fetching: http://localhost:5001/api/auth/login @ http://localhost:5174/src/api.ts:6
[   36217ms] [LOG] [API] Fetching: http://localhost:5001/api/admin/metrics @ http://localhost:5174/src/api.ts:6
[   36218ms] [LOG] [API] Fetching: http://localhost:5001/api/admin/residents @ http://localhost:5174/src/api.ts:6
[   36219ms] [LOG] [API] Fetching: http://localhost:5001/api/admin/recent-donations @ http://localhost:5174/src/api.ts:6
[   36219ms] [LOG] [API] Fetching: http://localhost:5001/api/admin/active-residents-trend @ http://localhost:5174/src/api.ts:6
[   36219ms] [LOG] [API] Fetching: http://localhost:5001/api/admin/flagged-cases-trend @ http://localhost:5174/src/api.ts:6
[   36220ms] [LOG] [API] Fetching: http://localhost:5001/api/admin/donations-by-channel @ http://localhost:5174/src/api.ts:6
[   36221ms] [LOG] [API] Fetching: http://localhost:5001/api/admin/metrics @ http://localhost:5174/src/api.ts:6
[   36221ms] [LOG] [API] Fetching: http://localhost:5001/api/admin/residents @ http://localhost:5174/src/api.ts:6
[   36222ms] [LOG] [API] Fetching: http://localhost:5001/api/admin/recent-donations @ http://localhost:5174/src/api.ts:6
[   36222ms] [LOG] [API] Fetching: http://localhost:5001/api/admin/active-residents-trend @ http://localhost:5174/src/api.ts:6
[   36222ms] [LOG] [API] Fetching: http://localhost:5001/api/admin/flagged-cases-trend @ http://localhost:5174/src/api.ts:6
[   36223ms] [LOG] [API] Fetching: http://localhost:5001/api/admin/donations-by-channel @ http://localhost:5174/src/api.ts:6
[   58391ms] [LOG] [API] Fetching: http://localhost:5001/api/admin/social/posts?status=draft @ http://localhost:5174/src/api.ts:6
[   58391ms] [LOG] [API] Fetching: http://localhost:5001/api/admin/social/queue-count @ http://localhost:5174/src/api.ts:6
[   58392ms] [LOG] [API] Fetching: http://localhost:5001/api/admin/social/posts?status=draft @ http://localhost:5174/src/api.ts:6
[   58392ms] [LOG] [API] Fetching: http://localhost:5001/api/admin/social/queue-count @ http://localhost:5174/src/api.ts:6
[   81862ms] [LOG] [API] Fetching: http://localhost:5001/api/admin/social/media @ http://localhost:5174/src/api.ts:6
[   81863ms] [LOG] [API] Fetching: http://localhost:5001/api/admin/social/media @ http://localhost:5174/src/api.ts:6
[  100795ms] [LOG] [API] Fetching: http://localhost:5001/api/admin/social/facts @ http://localhost:5174/src/api.ts:6
[  100796ms] [LOG] [API] Fetching: http://localhost:5001/api/admin/social/fact-candidates?status=pending @ http://localhost:5174/src/api.ts:6
[  100797ms] [LOG] [API] Fetching: http://localhost:5001/api/admin/social/facts @ http://localhost:5174/src/api.ts:6
[  100797ms] [LOG] [API] Fetching: http://localhost:5001/api/admin/social/fact-candidates?status=pending @ http://localhost:5174/src/api.ts:6
[  107717ms] [LOG] [API] Fetching: http://localhost:5001/api/admin/social/settings @ http://localhost:5174/src/api.ts:6
[  107718ms] [LOG] [API] Fetching: http://localhost:5001/api/admin/social/settings @ http://localhost:5174/src/api.ts:6
[  123959ms] [LOG] [API] Fetching: http://localhost:5001/api/admin/social/voice-guide @ http://localhost:5174/src/api.ts:6
[  123959ms] [LOG] [API] Fetching: http://localhost:5001/api/admin/social/talking-points @ http://localhost:5174/src/api.ts:6
[  123960ms] [LOG] [API] Fetching: http://localhost:5001/api/admin/social/hashtag-sets @ http://localhost:5174/src/api.ts:6
[  123960ms] [LOG] [API] Fetching: http://localhost:5001/api/admin/social/voice-guide @ http://localhost:5174/src/api.ts:6
[  123961ms] [LOG] [API] Fetching: http://localhost:5001/api/admin/social/talking-points @ http://localhost:5174/src/api.ts:6
[  123961ms] [LOG] [API] Fetching: http://localhost:5001/api/admin/social/hashtag-sets @ http://localhost:5174/src/api.ts:6
[  131143ms] [LOG] [API] Fetching: http://localhost:5001/api/admin/social/calendar @ http://localhost:5174/src/api.ts:6
[  131144ms] [LOG] [API] Fetching: http://localhost:5001/api/admin/social/calendar @ http://localhost:5174/src/api.ts:6
[  140389ms] [LOG] [API] Fetching: http://localhost:5001/api/admin/social/posts?status=draft @ http://localhost:5174/src/api.ts:6
[  140390ms] [LOG] [API] Fetching: http://localhost:5001/api/admin/social/queue-count @ http://localhost:5174/src/api.ts:6
[  140390ms] [LOG] [API] Fetching: http://localhost:5001/api/admin/social/posts?status=draft @ http://localhost:5174/src/api.ts:6
[  140390ms] [LOG] [API] Fetching: http://localhost:5001/api/admin/social/queue-count @ http://localhost:5174/src/api.ts:6
[  160166ms] [LOG] [API] Fetching: http://localhost:5001/api/admin/social/posts/3/approve @ http://localhost:5174/src/api.ts:6
[  160256ms] [LOG] [API] Fetching: http://localhost:5001/api/admin/social/posts?status=draft @ http://localhost:5174/src/api.ts:6
[  160256ms] [LOG] [API] Fetching: http://localhost:5001/api/admin/social/queue-count @ http://localhost:5174/src/api.ts:6
[  173275ms] [LOG] [API] Fetching: http://localhost:5001/api/admin/social/calendar @ http://localhost:5174/src/api.ts:6
[  173275ms] [LOG] [API] Fetching: http://localhost:5001/api/admin/social/calendar @ http://localhost:5174/src/api.ts:6
[  214669ms] [LOG] [vite] server connection lost. Polling for restart... @ http://localhost:5174/@vite/client:968
