[     697ms] [INFO] %cDownload the React DevTools for a better development experience: https://react.dev/link/react-devtools font-weight:bold @ http://localhost:5174/node_modules/.vite/deps/react-dom_client.js?v=4a85a283:14336
[     752ms] [LOG] [API] Fetching: http://localhost:5001/api/impact/summary @ http://localhost:5174/src/api.ts:6
[     752ms] [LOG] [API] Fetching: http://localhost:5001/api/auth/me @ http://localhost:5174/src/api.ts:6
[     753ms] [LOG] [API] Fetching: http://localhost:5001/api/impact/summary @ http://localhost:5174/src/api.ts:6
[     753ms] [LOG] [API] Fetching: http://localhost:5001/api/auth/me @ http://localhost:5174/src/api.ts:6
[     791ms] [ERROR] Access to fetch at 'http://localhost:5001/api/auth/me' from origin 'http://localhost:5174' has been blocked by CORS policy: Response to preflight request doesn't pass access control check: No 'Access-Control-Allow-Origin' header is present on the requested resource. @ http://localhost:5174/:0
[     791ms] [ERROR] Failed to load resource: net::ERR_FAILED @ http://localhost:5001/api/auth/me:0
[     792ms] [ERROR] Access to fetch at 'http://localhost:5001/api/impact/summary' from origin 'http://localhost:5174' has been blocked by CORS policy: Response to preflight request doesn't pass access control check: No 'Access-Control-Allow-Origin' header is present on the requested resource. @ http://localhost:5174/:0
[     792ms] [ERROR] Failed to load resource: net::ERR_FAILED @ http://localhost:5001/api/impact/summary:0
[     792ms] [ERROR] Failed to fetch impact summary TypeError: Failed to fetch
    at apiFetch (http://localhost:5174/src/api.ts:8:20)
    at http://localhost:5174/src/pages/HomePage.tsx:65:3
    at Object.react_stack_bottom_frame (http://localhost:5174/node_modules/.vite/deps/react-dom_client.js?v=4a85a283:12903:13)
    at runWithFiberInDEV (http://localhost:5174/node_modules/.vite/deps/react-dom_client.js?v=4a85a283:850:66)
    at commitHookEffectListMount (http://localhost:5174/node_modules/.vite/deps/react-dom_client.js?v=4a85a283:6616:153)
    at commitHookPassiveMountEffects (http://localhost:5174/node_modules/.vite/deps/react-dom_client.js?v=4a85a283:6651:55)
    at reconnectPassiveEffects (http://localhost:5174/node_modules/.vite/deps/react-dom_client.js?v=4a85a283:7700:6)
    at recursivelyTraverseReconnectPassiveEffects (http://localhost:5174/node_modules/.vite/deps/react-dom_client.js?v=4a85a283:7687:5)
    at commitPassiveMountOnFiber (http://localhost:5174/node_modules/.vite/deps/react-dom_client.js?v=4a85a283:7664:604)
    at recursivelyTraversePassiveMountEffects (http://localhost:5174/node_modules/.vite/deps/react-dom_client.js?v=4a85a283:7605:5) @ http://localhost:5174/@vite/client:509
[     793ms] [ERROR] Access to fetch at 'http://localhost:5001/api/auth/me' from origin 'http://localhost:5174' has been blocked by CORS policy: Response to preflight request doesn't pass access control check: No 'Access-Control-Allow-Origin' header is present on the requested resource. @ http://localhost:5174/:0
[     793ms] [ERROR] Failed to load resource: net::ERR_FAILED @ http://localhost:5001/api/auth/me:0
[     793ms] [ERROR] Access to fetch at 'http://localhost:5001/api/impact/summary' from origin 'http://localhost:5174' has been blocked by CORS policy: Response to preflight request doesn't pass access control check: No 'Access-Control-Allow-Origin' header is present on the requested resource. @ http://localhost:5174/:0
[     793ms] [ERROR] Failed to load resource: net::ERR_FAILED @ http://localhost:5001/api/impact/summary:0
[     793ms] [ERROR] Failed to fetch impact summary TypeError: Failed to fetch
    at apiFetch (http://localhost:5174/src/api.ts:8:20)
    at http://localhost:5174/src/pages/HomePage.tsx:65:3
    at Object.react_stack_bottom_frame (http://localhost:5174/node_modules/.vite/deps/react-dom_client.js?v=4a85a283:12903:13)
    at runWithFiberInDEV (http://localhost:5174/node_modules/.vite/deps/react-dom_client.js?v=4a85a283:850:66)
    at commitHookEffectListMount (http://localhost:5174/node_modules/.vite/deps/react-dom_client.js?v=4a85a283:6616:153)
    at commitHookPassiveMountEffects (http://localhost:5174/node_modules/.vite/deps/react-dom_client.js?v=4a85a283:6651:55)
    at reconnectPassiveEffects (http://localhost:5174/node_modules/.vite/deps/react-dom_client.js?v=4a85a283:7700:6)
    at recursivelyTraverseReconnectPassiveEffects (http://localhost:5174/node_modules/.vite/deps/react-dom_client.js?v=4a85a283:7687:5)
    at reconnectPassiveEffects (http://localhost:5174/node_modules/.vite/deps/react-dom_client.js?v=4a85a283:7705:432)
    at recursivelyTraverseReconnectPassiveEffects (http://localhost:5174/node_modules/.vite/deps/react-dom_client.js?v=4a85a283:7687:5) @ http://localhost:5174/@vite/client:509
[   89229ms] [LOG] [API] Fetching: http://localhost:5001/api/auth/login @ http://localhost:5174/src/api.ts:6
[   89241ms] [ERROR] Access to fetch at 'http://localhost:5001/api/auth/login' from origin 'http://localhost:5174' has been blocked by CORS policy: Response to preflight request doesn't pass access control check: No 'Access-Control-Allow-Origin' header is present on the requested resource. @ http://localhost:5174/login:0
[   89241ms] [ERROR] Failed to load resource: net::ERR_FAILED @ http://localhost:5001/api/auth/login:0
